[33mCMake Warning (dev) at /opt/ros/humble/share/rosidl_generator_py/cmake/rosidl_generator_py_generate_interfaces.cmake:20 (find_package):
  Policy CMP0148 is not set: The FindPythonInterp and FindPythonLibs modules
  are removed.  Run "cmake --help-policy CMP0148" for policy details.  Use
  the cmake_policy command to set the policy and suppress this warning.

Call Stack (most recent call first):
  /opt/ros/humble/share/ament_cmake_core/cmake/core/ament_execute_extensions.cmake:48 (include)
  /opt/ros/humble/share/rosidl_cmake/cmake/rosidl_generate_interfaces.cmake:286 (ament_execute_extensions)
  CMakeLists.txt:18 (rosidl_generate_interfaces)
This warning is for project developers.  Use -Wno-dev to suppress it.
[0m
[33mCMake Warning (dev) at /opt/ros/humble/share/python_cmake_module/cmake/Modules/FindPythonExtra.cmake:52 (find_package):
  Policy CMP0148 is not set: The FindPythonInterp and FindPythonLibs modules
  are removed.  Run "cmake --help-policy CMP0148" for policy details.  Use
  the cmake_policy command to set the policy and suppress this warning.

Call Stack (most recent call first):
  /opt/ros/humble/share/rosidl_generator_py/cmake/rosidl_generator_py_generate_interfaces.cmake:23 (find_package)
  /opt/ros/humble/share/ament_cmake_core/cmake/core/ament_execute_extensions.cmake:48 (include)
  /opt/ros/humble/share/rosidl_cmake/cmake/rosidl_generate_interfaces.cmake:286 (ament_execute_extensions)
  CMakeLists.txt:18 (rosidl_generate_interfaces)
This warning is for project developers.  Use -Wno-dev to suppress it.
[0m
[33mCMake Warning (dev) at /opt/ros/humble/share/python_cmake_module/cmake/Modules/FindPythonExtra.cmake:140 (find_package):
  Policy CMP0148 is not set: The FindPythonInterp and FindPythonLibs modules
  are removed.  Run "cmake --help-policy CMP0148" for policy details.  Use
  the cmake_policy command to set the policy and suppress this warning.

Call Stack (most recent call first):
  /opt/ros/humble/share/rosidl_generator_py/cmake/rosidl_generator_py_generate_interfaces.cmake:23 (find_package)
  /opt/ros/humble/share/ament_cmake_core/cmake/core/ament_execute_extensions.cmake:48 (include)
  /opt/ros/humble/share/rosidl_cmake/cmake/rosidl_generate_interfaces.cmake:286 (ament_execute_extensions)
  CMakeLists.txt:18 (rosidl_generate_interfaces)
This warning is for project developers.  Use -Wno-dev to suppress it.
[0m
In file included from [01m[K/home/albert/rad_ws/build/agbot_full_msgs/rosidl_generator_c/agbot_full_msgs/action/detail/agbot_full_arm_task__functions.h:19[m[K,
                 from [01m[K/home/albert/rad_ws/build/agbot_full_msgs/rosidl_generator_c/agbot_full_msgs/action/detail/agbot_full_arm_task__functions.c:4[m[K:
[01m[K/home/albert/rad_ws/build/agbot_full_msgs/rosidl_generator_c/agbot_full_msgs/action/detail/agbot_full_arm_task__struct.h:79:10:[m[K [01;31m[Kfatal error: [m[Kunique_identifier_msgs/msg/detail/uuid__struct.h: No such file or directory
   79 | #include [01;31m[K"unique_identifier_msgs/msg/detail/uuid__struct.h"[m[K
      |          [01;31m[K^~~~~~~~~~~~~~~~~~~~~~~~~~~~~~~~~~~~~~~~~~~~~~~~~~[m[K
compilation terminated.
gmake[2]: *** [CMakeFiles/agbot_full_msgs__rosidl_generator_c.dir/build.make:105: CMakeFiles/agbot_full_msgs__rosidl_generator_c.dir/rosidl_generator_c/agbot_full_msgs/action/detail/agbot_full_arm_task__functions.c.o] Error 1
gmake[1]: *** [CMakeFiles/Makefile2:213: CMakeFiles/agbot_full_msgs__rosidl_generator_c.dir/all] Error 2
gmake[1]: *** Waiting for unfinished jobs....
In file included from [01m[K/home/albert/rad_ws/build/agbot_full_msgs/rosidl_typesupport_cpp/agbot_full_msgs/action/agbot_full_arm_task__type_support.cpp:7[m[K:
[01m[K/home/albert/rad_ws/build/agbot_full_msgs/rosidl_generator_cpp/agbot_full_msgs/action/detail/agbot_full_arm_task__struct.hpp:362:10:[m[K [01;31m[Kfatal error: [m[Kunique_identifier_msgs/msg/detail/uuid__struct.hpp: No such file or directory
  362 | #include [01;31m[K"unique_identifier_msgs/msg/detail/uuid__struct.hpp"[m[K
      |          [01;31m[K^~~~~~~~~~~~~~~~~~~~~~~~~~~~~~~~~~~~~~~~~~~~~~~~~~~~[m[K
compilation terminated.
gmake[2]: *** [CMakeFiles/agbot_full_msgs__rosidl_typesupport_cpp.dir/build.make:86: CMakeFiles/agbot_full_msgs__rosidl_typesupport_cpp.dir/rosidl_typesupport_cpp/agbot_full_msgs/action/agbot_full_arm_task__type_support.cpp.o] Error 1
gmake[1]: *** [CMakeFiles/Makefile2:395: CMakeFiles/agbot_full_msgs__rosidl_typesupport_cpp.dir/all] Error 2
In file included from [01m[K/home/albert/rad_ws/build/agbot_full_msgs/rosidl_typesupport_introspection_cpp/agbot_full_msgs/action/detail/agbot_full_arm_task__type_support.cpp:12[m[K:
[01m[K/home/albert/rad_ws/build/agbot_full_msgs/rosidl_generator_cpp/agbot_full_msgs/action/detail/agbot_full_arm_task__struct.hpp:362:10:[m[K [01;31m[Kfatal error: [m[Kunique_identifier_msgs/msg/detail/uuid__struct.hpp: No such file or directory
  362 | #include [01;31m[K"unique_identifier_msgs/msg/detail/uuid__struct.hpp"[m[K
      |          [01;31m[K^~~~~~~~~~~~~~~~~~~~~~~~~~~~~~~~~~~~~~~~~~~~~~~~~~~~[m[K
compilation terminated.
gmake[2]: *** [CMakeFiles/agbot_full_msgs__rosidl_typesupport_introspection_cpp.dir/build.make:91: CMakeFiles/agbot_full_msgs__rosidl_typesupport_introspection_cpp.dir/rosidl_typesupport_introspection_cpp/agbot_full_msgs/action/detail/agbot_full_arm_task__type_support.cpp.o] Error 1
gmake[1]: *** [CMakeFiles/Makefile2:369: CMakeFiles/agbot_full_msgs__rosidl_typesupport_introspection_cpp.dir/all] Error 2
In file included from [01m[K/home/albert/rad_ws/build/agbot_full_msgs/rosidl_typesupport_fastrtps_cpp/agbot_full_msgs/action/detail/agbot_full_arm_task__rosidl_typesupport_fastrtps_cpp.hpp:11[m[K,
                 from [01m[K/home/albert/rad_ws/build/agbot_full_msgs/rosidl_typesupport_fastrtps_cpp/agbot_full_msgs/action/detail/dds_fastrtps/agbot_full_arm_task__type_support.cpp:4[m[K:
[01m[K/home/albert/rad_ws/build/agbot_full_msgs/rosidl_generator_cpp/agbot_full_msgs/action/detail/agbot_full_arm_task__struct.hpp:362:10:[m[K [01;31m[Kfatal error: [m[Kunique_identifier_msgs/msg/detail/uuid__struct.hpp: No such file or directory
  362 | #include [01;31m[K"unique_identifier_msgs/msg/detail/uuid__struct.hpp"[m[K
      |          [01;31m[K^~~~~~~~~~~~~~~~~~~~~~~~~~~~~~~~~~~~~~~~~~~~~~~~~~~~[m[K
compilation terminated.
gmake[2]: *** [CMakeFiles/agbot_full_msgs__rosidl_typesupport_fastrtps_cpp.dir/build.make:91: CMakeFiles/agbot_full_msgs__rosidl_typesupport_fastrtps_cpp.dir/rosidl_typesupport_fastrtps_cpp/agbot_full_msgs/action/detail/dds_fastrtps/agbot_full_arm_task__type_support.cpp.o] Error 1
gmake[1]: *** [CMakeFiles/Makefile2:291: CMakeFiles/agbot_full_msgs__rosidl_typesupport_fastrtps_cpp.dir/all] Error 2
gmake: *** [Makefile:146: all] Error 2
