-- Found ament_cmake: 1.3.10 (/opt/ros/humble/share/ament_cmake/cmake)
-- Found std_msgs: 4.2.4 (/opt/ros/humble/share/std_msgs/cmake)
-- Found rosidl_generator_c: 3.1.5 (/opt/ros/humble/share/rosidl_generator_c/cmake)
-- Found rosidl_adapter: 3.1.5 (/opt/ros/humble/share/rosidl_adapter/cmake)
-- Found rosidl_generator_cpp: 3.1.5 (/opt/ros/humble/share/rosidl_generator_cpp/cmake)
-- Using all available rosidl_typesupport_c: rosidl_typesupport_fastrtps_c;rosidl_typesupport_introspection_c
-- Using all available rosidl_typesupport_cpp: rosidl_typesupport_fastrtps_cpp;rosidl_typesupport_introspection_cpp
-- Found rosidl_default_generators: 1.2.0 (/opt/ros/humble/share/rosidl_default_generators/cmake)
-- Found ament_cmake_ros: 0.10.0 (/opt/ros/humble/share/ament_cmake_ros/cmake)
-- Using all available rosidl_typesupport_c: rosidl_typesupport_fastrtps_c;rosidl_typesupport_introspection_c
-- Using all available rosidl_typesupport_cpp: rosidl_typesupport_fastrtps_cpp;rosidl_typesupport_introspection_cpp
[33mCMake Warning (dev) at /opt/ros/humble/share/rosidl_generator_py/cmake/rosidl_generator_py_generate_interfaces.cmake:20 (find_package):
  Policy CMP0148 is not set: The FindPythonInterp and FindPythonLibs modules
  are removed.  Run "cmake --help-policy CMP0148" for policy details.  Use
  the cmake_policy command to set the policy and suppress this warning.

Call Stack (most recent call first):
  /opt/ros/humble/share/ament_cmake_core/cmake/core/ament_execute_extensions.cmake:48 (include)
  /opt/ros/humble/share/rosidl_cmake/cmake/rosidl_generate_interfaces.cmake:286 (ament_execute_extensions)
  CMakeLists.txt:18 (rosidl_generate_interfaces)
This warning is for project developers.  Use -Wno-dev to suppress it.
[0m
-- Found PythonInterp: /usr/bin/python3 (found suitable version "3.10.12", minimum required is "3.6")
-- Found python_cmake_module: 0.10.0 (/opt/ros/humble/share/python_cmake_module/cmake)
[33mCMake Warning (dev) at /opt/ros/humble/share/python_cmake_module/cmake/Modules/FindPythonExtra.cmake:52 (find_package):
  Policy CMP0148 is not set: The FindPythonInterp and FindPythonLibs modules
  are removed.  Run "cmake --help-policy CMP0148" for policy details.  Use
  the cmake_policy command to set the policy and suppress this warning.

Call Stack (most recent call first):
  /opt/ros/humble/share/rosidl_generator_py/cmake/rosidl_generator_py_generate_interfaces.cmake:23 (find_package)
  /opt/ros/humble/share/ament_cmake_core/cmake/core/ament_execute_extensions.cmake:48 (include)
  /opt/ros/humble/share/rosidl_cmake/cmake/rosidl_generate_interfaces.cmake:286 (ament_execute_extensions)
  CMakeLists.txt:18 (rosidl_generate_interfaces)
This warning is for project developers.  Use -Wno-dev to suppress it.
[0m
[33mCMake Warning (dev) at /opt/ros/humble/share/python_cmake_module/cmake/Modules/FindPythonExtra.cmake:140 (find_package):
  Policy CMP0148 is not set: The FindPythonInterp and FindPythonLibs modules
  are removed.  Run "cmake --help-policy CMP0148" for policy details.  Use
  the cmake_policy command to set the policy and suppress this warning.

Call Stack (most recent call first):
  /opt/ros/humble/share/rosidl_generator_py/cmake/rosidl_generator_py_generate_interfaces.cmake:23 (find_package)
  /opt/ros/humble/share/ament_cmake_core/cmake/core/ament_execute_extensions.cmake:48 (include)
  /opt/ros/humble/share/rosidl_cmake/cmake/rosidl_generate_interfaces.cmake:286 (ament_execute_extensions)
  CMakeLists.txt:18 (rosidl_generate_interfaces)
This warning is for project developers.  Use -Wno-dev to suppress it.
[0m
-- Found PythonLibs: /usr/lib/x86_64-linux-gnu/libpython3.10.so (found suitable version "3.10.12", minimum required is "3.5")
-- Using PYTHON_EXECUTABLE: /usr/bin/python3
-- Using PYTHON_INCLUDE_DIRS: /usr/include/python3.10
-- Using PYTHON_LIBRARIES: /usr/lib/x86_64-linux-gnu/libpython3.10.so
-- Found PythonExtra: .so
-- Found ament_lint_auto: 0.12.11 (/opt/ros/humble/share/ament_lint_auto/cmake)
-- Added test 'lint_cmake' to check CMake code style
-- Added test 'xmllint' to check XML markup files
-- Configuring done (2.8s)
-- Generating done (0.0s)
-- Build files have been written to: /home/albert/rad_ws/build/agbot_full_msgs
[  3%] [34m[1mGenerating C code for ROS interfaces[0m
[  6%] [34m[1mGenerating C++ code for ROS interfaces[0m
[  6%] Built target ament_cmake_python_copy_agbot_full_msgs
running egg_info
creating agbot_full_msgs.egg-info
writing agbot_full_msgs.egg-info/PKG-INFO
writing dependency_links to agbot_full_msgs.egg-info/dependency_links.txt
writing top-level names to agbot_full_msgs.egg-info/top_level.txt
writing manifest file 'agbot_full_msgs.egg-info/SOURCES.txt'
reading manifest file 'agbot_full_msgs.egg-info/SOURCES.txt'
writing manifest file 'agbot_full_msgs.egg-info/SOURCES.txt'
[  6%] Built target ament_cmake_python_build_agbot_full_msgs_egg
[  9%] [32mBuilding C object CMakeFiles/agbot_full_msgs__rosidl_generator_c.dir/rosidl_generator_c/agbot_full_msgs/action/detail/agbot_full_arm_task__functions.c.o[0m
[  9%] Built target agbot_full_msgs__cpp
[ 12%] [34m[1mGenerating C++ type support for eProsima Fast-RTPS[0m
[ 16%] [34m[1mGenerating C++ introspection for ROS interfaces[0m
[ 19%] [34m[1mGenerating C++ type support dispatch for ROS interfaces[0m
In file included from [01m[K/home/albert/rad_ws/build/agbot_full_msgs/rosidl_generator_c/agbot_full_msgs/action/detail/agbot_full_arm_task__functions.h:19[m[K,
                 from [01m[K/home/albert/rad_ws/build/agbot_full_msgs/rosidl_generator_c/agbot_full_msgs/action/detail/agbot_full_arm_task__functions.c:4[m[K:
[01m[K/home/albert/rad_ws/build/agbot_full_msgs/rosidl_generator_c/agbot_full_msgs/action/detail/agbot_full_arm_task__struct.h:79:10:[m[K [01;31m[Kfatal error: [m[Kunique_identifier_msgs/msg/detail/uuid__struct.h: No such file or directory
   79 | #include [01;31m[K"unique_identifier_msgs/msg/detail/uuid__struct.h"[m[K
      |          [01;31m[K^~~~~~~~~~~~~~~~~~~~~~~~~~~~~~~~~~~~~~~~~~~~~~~~~~[m[K
compilation terminated.
gmake[2]: *** [CMakeFiles/agbot_full_msgs__rosidl_generator_c.dir/build.make:105: CMakeFiles/agbot_full_msgs__rosidl_generator_c.dir/rosidl_generator_c/agbot_full_msgs/action/detail/agbot_full_arm_task__functions.c.o] Error 1
gmake[1]: *** [CMakeFiles/Makefile2:213: CMakeFiles/agbot_full_msgs__rosidl_generator_c.dir/all] Error 2
gmake[1]: *** Waiting for unfinished jobs....
[ 22%] [32mBuilding CXX object CMakeFiles/agbot_full_msgs__rosidl_typesupport_cpp.dir/rosidl_typesupport_cpp/agbot_full_msgs/action/agbot_full_arm_task__type_support.cpp.o[0m
[ 25%] [32mBuilding CXX object CMakeFiles/agbot_full_msgs__rosidl_typesupport_introspection_cpp.dir/rosidl_typesupport_introspection_cpp/agbot_full_msgs/action/detail/agbot_full_arm_task__type_support.cpp.o[0m
In file included from [01m[K/home/albert/rad_ws/build/agbot_full_msgs/rosidl_typesupport_cpp/agbot_full_msgs/action/agbot_full_arm_task__type_support.cpp:7[m[K:
[01m[K/home/albert/rad_ws/build/agbot_full_msgs/rosidl_generator_cpp/agbot_full_msgs/action/detail/agbot_full_arm_task__struct.hpp:362:10:[m[K [01;31m[Kfatal error: [m[Kunique_identifier_msgs/msg/detail/uuid__struct.hpp: No such file or directory
  362 | #include [01;31m[K"unique_identifier_msgs/msg/detail/uuid__struct.hpp"[m[K
      |          [01;31m[K^~~~~~~~~~~~~~~~~~~~~~~~~~~~~~~~~~~~~~~~~~~~~~~~~~~~[m[K
compilation terminated.
gmake[2]: *** [CMakeFiles/agbot_full_msgs__rosidl_typesupport_cpp.dir/build.make:86: CMakeFiles/agbot_full_msgs__rosidl_typesupport_cpp.dir/rosidl_typesupport_cpp/agbot_full_msgs/action/agbot_full_arm_task__type_support.cpp.o] Error 1
gmake[1]: *** [CMakeFiles/Makefile2:395: CMakeFiles/agbot_full_msgs__rosidl_typesupport_cpp.dir/all] Error 2
[ 29%] [32mBuilding CXX object CMakeFiles/agbot_full_msgs__rosidl_typesupport_fastrtps_cpp.dir/rosidl_typesupport_fastrtps_cpp/agbot_full_msgs/action/detail/dds_fastrtps/agbot_full_arm_task__type_support.cpp.o[0m
In file included from [01m[K/home/albert/rad_ws/build/agbot_full_msgs/rosidl_typesupport_introspection_cpp/agbot_full_msgs/action/detail/agbot_full_arm_task__type_support.cpp:12[m[K:
[01m[K/home/albert/rad_ws/build/agbot_full_msgs/rosidl_generator_cpp/agbot_full_msgs/action/detail/agbot_full_arm_task__struct.hpp:362:10:[m[K [01;31m[Kfatal error: [m[Kunique_identifier_msgs/msg/detail/uuid__struct.hpp: No such file or directory
  362 | #include [01;31m[K"unique_identifier_msgs/msg/detail/uuid__struct.hpp"[m[K
      |          [01;31m[K^~~~~~~~~~~~~~~~~~~~~~~~~~~~~~~~~~~~~~~~~~~~~~~~~~~~[m[K
compilation terminated.
gmake[2]: *** [CMakeFiles/agbot_full_msgs__rosidl_typesupport_introspection_cpp.dir/build.make:91: CMakeFiles/agbot_full_msgs__rosidl_typesupport_introspection_cpp.dir/rosidl_typesupport_introspection_cpp/agbot_full_msgs/action/detail/agbot_full_arm_task__type_support.cpp.o] Error 1
gmake[1]: *** [CMakeFiles/Makefile2:369: CMakeFiles/agbot_full_msgs__rosidl_typesupport_introspection_cpp.dir/all] Error 2
In file included from [01m[K/home/albert/rad_ws/build/agbot_full_msgs/rosidl_typesupport_fastrtps_cpp/agbot_full_msgs/action/detail/agbot_full_arm_task__rosidl_typesupport_fastrtps_cpp.hpp:11[m[K,
                 from [01m[K/home/albert/rad_ws/build/agbot_full_msgs/rosidl_typesupport_fastrtps_cpp/agbot_full_msgs/action/detail/dds_fastrtps/agbot_full_arm_task__type_support.cpp:4[m[K:
[01m[K/home/albert/rad_ws/build/agbot_full_msgs/rosidl_generator_cpp/agbot_full_msgs/action/detail/agbot_full_arm_task__struct.hpp:362:10:[m[K [01;31m[Kfatal error: [m[Kunique_identifier_msgs/msg/detail/uuid__struct.hpp: No such file or directory
  362 | #include [01;31m[K"unique_identifier_msgs/msg/detail/uuid__struct.hpp"[m[K
      |          [01;31m[K^~~~~~~~~~~~~~~~~~~~~~~~~~~~~~~~~~~~~~~~~~~~~~~~~~~~[m[K
compilation terminated.
gmake[2]: *** [CMakeFiles/agbot_full_msgs__rosidl_typesupport_fastrtps_cpp.dir/build.make:91: CMakeFiles/agbot_full_msgs__rosidl_typesupport_fastrtps_cpp.dir/rosidl_typesupport_fastrtps_cpp/agbot_full_msgs/action/detail/dds_fastrtps/agbot_full_arm_task__type_support.cpp.o] Error 1
gmake[1]: *** [CMakeFiles/Makefile2:291: CMakeFiles/agbot_full_msgs__rosidl_typesupport_fastrtps_cpp.dir/all] Error 2
gmake: *** [Makefile:146: all] Error 2
