[0.054s] Invoking command in '/home/albert/rad_ws/build/agbot_full_msgs': CMAKE_PREFIX_PATH=${CMAKE_PREFIX_PATH}:/home/albert/ws_moveit2/install/moveit_configs_utils:/home/albert/ws_moveit2/install/launch_param_builder:/home/albert/umov_ws/install/arduino_py_examples:/home/albert/udem2_ws/install/actions_py:/home/albert/udem2_ws/install/lifecycle_py:/home/albert/udem2_ws/install/executors_py:/home/albert/udem2_ws/install/components_py:/home/albert/udem_ws/install/turtlesim_catcher:/home/albert/udem_ws/install/my_py_pkg:/home/albert/udem_ws/install/lifecycle_py:/home/albert/bcdc_ws/install/agbot_teleop:/home/albert/bcdc_ws/install/agbot_py:/home/albert/arduinobot_ws/install/arduinobot_py_examples:/opt/ros/humble /home/albert/.local/bin/cmake --build /home/albert/rad_ws/build/agbot_full_msgs -- -j8 -l8
[0.080s] -- Found ament_cmake: 1.3.10 (/opt/ros/humble/share/ament_cmake/cmake)
[0.512s] -- Found std_msgs: 4.2.4 (/opt/ros/humble/share/std_msgs/cmake)
[0.554s] -- Found rosidl_generator_c: 3.1.5 (/opt/ros/humble/share/rosidl_generator_c/cmake)
[0.557s] -- Found rosidl_adapter: 3.1.5 (/opt/ros/humble/share/rosidl_adapter/cmake)
[0.566s] -- Found rosidl_generator_cpp: 3.1.5 (/opt/ros/humble/share/rosidl_generator_cpp/cmake)
[0.586s] -- Using all available rosidl_typesupport_c: rosidl_typesupport_fastrtps_c;rosidl_typesupport_introspection_c
[0.610s] -- Using all available rosidl_typesupport_cpp: rosidl_typesupport_fastrtps_cpp;rosidl_typesupport_introspection_cpp
[0.652s] -- Found rosidl_default_generators: 1.2.0 (/opt/ros/humble/share/rosidl_default_generators/cmake)
[1.238s] -- Found ament_cmake_ros: 0.10.0 (/opt/ros/humble/share/ament_cmake_ros/cmake)
[2.202s] -- Using all available rosidl_typesupport_c: rosidl_typesupport_fastrtps_c;rosidl_typesupport_introspection_c
[2.595s] -- Using all available rosidl_typesupport_cpp: rosidl_typesupport_fastrtps_cpp;rosidl_typesupport_introspection_cpp
[2.598s] [33mCMake Warning (dev) at /opt/ros/humble/share/rosidl_generator_py/cmake/rosidl_generator_py_generate_interfaces.cmake:20 (find_package):
[2.598s]   Policy CMP0148 is not set: The FindPythonInterp and FindPythonLibs modules
[2.598s]   are removed.  Run "cmake --help-policy CMP0148" for policy details.  Use
[2.598s]   the cmake_policy command to set the policy and suppress this warning.
[2.598s] 
[2.598s] Call Stack (most recent call first):
[2.598s]   /opt/ros/humble/share/ament_cmake_core/cmake/core/ament_execute_extensions.cmake:48 (include)
[2.598s]   /opt/ros/humble/share/rosidl_cmake/cmake/rosidl_generate_interfaces.cmake:286 (ament_execute_extensions)
[2.598s]   CMakeLists.txt:18 (rosidl_generate_interfaces)
[2.598s] This warning is for project developers.  Use -Wno-dev to suppress it.
[2.599s] [0m
[2.633s] -- Found PythonInterp: /usr/bin/python3 (found suitable version "3.10.12", minimum required is "3.6")
[2.648s] -- Found python_cmake_module: 0.10.0 (/opt/ros/humble/share/python_cmake_module/cmake)
[2.649s] [33mCMake Warning (dev) at /opt/ros/humble/share/python_cmake_module/cmake/Modules/FindPythonExtra.cmake:52 (find_package):
[2.649s]   Policy CMP0148 is not set: The FindPythonInterp and FindPythonLibs modules
[2.649s]   are removed.  Run "cmake --help-policy CMP0148" for policy details.  Use
[2.649s]   the cmake_policy command to set the policy and suppress this warning.
[2.649s] 
[2.649s] Call Stack (most recent call first):
[2.649s]   /opt/ros/humble/share/rosidl_generator_py/cmake/rosidl_generator_py_generate_interfaces.cmake:23 (find_package)
[2.649s]   /opt/ros/humble/share/ament_cmake_core/cmake/core/ament_execute_extensions.cmake:48 (include)
[2.649s]   /opt/ros/humble/share/rosidl_cmake/cmake/rosidl_generate_interfaces.cmake:286 (ament_execute_extensions)
[2.649s]   CMakeLists.txt:18 (rosidl_generate_interfaces)
[2.650s] This warning is for project developers.  Use -Wno-dev to suppress it.
[2.650s] [0m
[2.677s] [33mCMake Warning (dev) at /opt/ros/humble/share/python_cmake_module/cmake/Modules/FindPythonExtra.cmake:140 (find_package):
[2.677s]   Policy CMP0148 is not set: The FindPythonInterp and FindPythonLibs modules
[2.678s]   are removed.  Run "cmake --help-policy CMP0148" for policy details.  Use
[2.678s]   the cmake_policy command to set the policy and suppress this warning.
[2.678s] 
[2.678s] Call Stack (most recent call first):
[2.678s]   /opt/ros/humble/share/rosidl_generator_py/cmake/rosidl_generator_py_generate_interfaces.cmake:23 (find_package)
[2.678s]   /opt/ros/humble/share/ament_cmake_core/cmake/core/ament_execute_extensions.cmake:48 (include)
[2.678s]   /opt/ros/humble/share/rosidl_cmake/cmake/rosidl_generate_interfaces.cmake:286 (ament_execute_extensions)
[2.678s]   CMakeLists.txt:18 (rosidl_generate_interfaces)
[2.678s] This warning is for project developers.  Use -Wno-dev to suppress it.
[2.679s] [0m
[2.692s] -- Found PythonLibs: /usr/lib/x86_64-linux-gnu/libpython3.10.so (found suitable version "3.10.12", minimum required is "3.5")
[2.693s] -- Using PYTHON_EXECUTABLE: /usr/bin/python3
[2.693s] -- Using PYTHON_INCLUDE_DIRS: /usr/include/python3.10
[2.693s] -- Using PYTHON_LIBRARIES: /usr/lib/x86_64-linux-gnu/libpython3.10.so
[2.721s] -- Found PythonExtra: .so
[2.853s] -- Found ament_lint_auto: 0.12.11 (/opt/ros/humble/share/ament_lint_auto/cmake)
[2.864s] -- Added test 'lint_cmake' to check CMake code style
[2.865s] -- Added test 'xmllint' to check XML markup files
[2.868s] -- Configuring done (2.8s)
[2.900s] -- Generating done (0.0s)
[2.902s] -- Build files have been written to: /home/albert/rad_ws/build/agbot_full_msgs
[2.925s] [  3%] [34m[1mGenerating C code for ROS interfaces[0m
[2.934s] [  6%] [34m[1mGenerating C++ code for ROS interfaces[0m
[2.938s] [  6%] Built target ament_cmake_python_copy_agbot_full_msgs
[3.321s] running egg_info
[3.322s] creating agbot_full_msgs.egg-info
[3.322s] writing agbot_full_msgs.egg-info/PKG-INFO
[3.322s] writing dependency_links to agbot_full_msgs.egg-info/dependency_links.txt
[3.322s] writing top-level names to agbot_full_msgs.egg-info/top_level.txt
[3.323s] writing manifest file 'agbot_full_msgs.egg-info/SOURCES.txt'
[3.326s] reading manifest file 'agbot_full_msgs.egg-info/SOURCES.txt'
[3.327s] writing manifest file 'agbot_full_msgs.egg-info/SOURCES.txt'
[3.351s] [  6%] Built target ament_cmake_python_build_agbot_full_msgs_egg
[3.423s] [  9%] [32mBuilding C object CMakeFiles/agbot_full_msgs__rosidl_generator_c.dir/rosidl_generator_c/agbot_full_msgs/action/detail/agbot_full_arm_task__functions.c.o[0m
[3.426s] [  9%] Built target agbot_full_msgs__cpp
[3.434s] [ 12%] [34m[1mGenerating C++ type support for eProsima Fast-RTPS[0m
[3.435s] [ 16%] [34m[1mGenerating C++ introspection for ROS interfaces[0m
[3.435s] [ 19%] [34m[1mGenerating C++ type support dispatch for ROS interfaces[0m
[3.443s] In file included from [01m[K/home/albert/rad_ws/build/agbot_full_msgs/rosidl_generator_c/agbot_full_msgs/action/detail/agbot_full_arm_task__functions.h:19[m[K,
[3.443s]                  from [01m[K/home/albert/rad_ws/build/agbot_full_msgs/rosidl_generator_c/agbot_full_msgs/action/detail/agbot_full_arm_task__functions.c:4[m[K:
[3.443s] [01m[K/home/albert/rad_ws/build/agbot_full_msgs/rosidl_generator_c/agbot_full_msgs/action/detail/agbot_full_arm_task__struct.h:79:10:[m[K [01;31m[Kfatal error: [m[Kunique_identifier_msgs/msg/detail/uuid__struct.h: No such file or directory
[3.443s]    79 | #include [01;31m[K"unique_identifier_msgs/msg/detail/uuid__struct.h"[m[K
[3.443s]       |          [01;31m[K^~~~~~~~~~~~~~~~~~~~~~~~~~~~~~~~~~~~~~~~~~~~~~~~~~[m[K
[3.443s] compilation terminated.
[3.444s] gmake[2]: *** [CMakeFiles/agbot_full_msgs__rosidl_generator_c.dir/build.make:105: CMakeFiles/agbot_full_msgs__rosidl_generator_c.dir/rosidl_generator_c/agbot_full_msgs/action/detail/agbot_full_arm_task__functions.c.o] Error 1
[3.444s] gmake[1]: *** [CMakeFiles/Makefile2:213: CMakeFiles/agbot_full_msgs__rosidl_generator_c.dir/all] Error 2
[3.444s] gmake[1]: *** Waiting for unfinished jobs....
[3.795s] [ 22%] [32mBuilding CXX object CMakeFiles/agbot_full_msgs__rosidl_typesupport_cpp.dir/rosidl_typesupport_cpp/agbot_full_msgs/action/agbot_full_arm_task__type_support.cpp.o[0m
[3.832s] [ 25%] [32mBuilding CXX object CMakeFiles/agbot_full_msgs__rosidl_typesupport_introspection_cpp.dir/rosidl_typesupport_introspection_cpp/agbot_full_msgs/action/detail/agbot_full_arm_task__type_support.cpp.o[0m
[3.854s] In file included from [01m[K/home/albert/rad_ws/build/agbot_full_msgs/rosidl_typesupport_cpp/agbot_full_msgs/action/agbot_full_arm_task__type_support.cpp:7[m[K:
[3.855s] [01m[K/home/albert/rad_ws/build/agbot_full_msgs/rosidl_generator_cpp/agbot_full_msgs/action/detail/agbot_full_arm_task__struct.hpp:362:10:[m[K [01;31m[Kfatal error: [m[Kunique_identifier_msgs/msg/detail/uuid__struct.hpp: No such file or directory
[3.855s]   362 | #include [01;31m[K"unique_identifier_msgs/msg/detail/uuid__struct.hpp"[m[K
[3.855s]       |          [01;31m[K^~~~~~~~~~~~~~~~~~~~~~~~~~~~~~~~~~~~~~~~~~~~~~~~~~~~[m[K
[3.855s] compilation terminated.
[3.856s] gmake[2]: *** [CMakeFiles/agbot_full_msgs__rosidl_typesupport_cpp.dir/build.make:86: CMakeFiles/agbot_full_msgs__rosidl_typesupport_cpp.dir/rosidl_typesupport_cpp/agbot_full_msgs/action/agbot_full_arm_task__type_support.cpp.o] Error 1
[3.857s] gmake[1]: *** [CMakeFiles/Makefile2:395: CMakeFiles/agbot_full_msgs__rosidl_typesupport_cpp.dir/all] Error 2
[3.889s] [ 29%] [32mBuilding CXX object CMakeFiles/agbot_full_msgs__rosidl_typesupport_fastrtps_cpp.dir/rosidl_typesupport_fastrtps_cpp/agbot_full_msgs/action/detail/dds_fastrtps/agbot_full_arm_task__type_support.cpp.o[0m
[3.900s] In file included from [01m[K/home/albert/rad_ws/build/agbot_full_msgs/rosidl_typesupport_introspection_cpp/agbot_full_msgs/action/detail/agbot_full_arm_task__type_support.cpp:12[m[K:
[3.900s] [01m[K/home/albert/rad_ws/build/agbot_full_msgs/rosidl_generator_cpp/agbot_full_msgs/action/detail/agbot_full_arm_task__struct.hpp:362:10:[m[K [01;31m[Kfatal error: [m[Kunique_identifier_msgs/msg/detail/uuid__struct.hpp: No such file or directory
[3.900s]   362 | #include [01;31m[K"unique_identifier_msgs/msg/detail/uuid__struct.hpp"[m[K
[3.900s]       |          [01;31m[K^~~~~~~~~~~~~~~~~~~~~~~~~~~~~~~~~~~~~~~~~~~~~~~~~~~~[m[K
[3.900s] compilation terminated.
[3.901s] gmake[2]: *** [CMakeFiles/agbot_full_msgs__rosidl_typesupport_introspection_cpp.dir/build.make:91: CMakeFiles/agbot_full_msgs__rosidl_typesupport_introspection_cpp.dir/rosidl_typesupport_introspection_cpp/agbot_full_msgs/action/detail/agbot_full_arm_task__type_support.cpp.o] Error 1
[3.902s] gmake[1]: *** [CMakeFiles/Makefile2:369: CMakeFiles/agbot_full_msgs__rosidl_typesupport_introspection_cpp.dir/all] Error 2
[3.948s] In file included from [01m[K/home/albert/rad_ws/build/agbot_full_msgs/rosidl_typesupport_fastrtps_cpp/agbot_full_msgs/action/detail/agbot_full_arm_task__rosidl_typesupport_fastrtps_cpp.hpp:11[m[K,
[3.948s]                  from [01m[K/home/albert/rad_ws/build/agbot_full_msgs/rosidl_typesupport_fastrtps_cpp/agbot_full_msgs/action/detail/dds_fastrtps/agbot_full_arm_task__type_support.cpp:4[m[K:
[3.948s] [01m[K/home/albert/rad_ws/build/agbot_full_msgs/rosidl_generator_cpp/agbot_full_msgs/action/detail/agbot_full_arm_task__struct.hpp:362:10:[m[K [01;31m[Kfatal error: [m[Kunique_identifier_msgs/msg/detail/uuid__struct.hpp: No such file or directory
[3.948s]   362 | #include [01;31m[K"unique_identifier_msgs/msg/detail/uuid__struct.hpp"[m[K
[3.949s]       |          [01;31m[K^~~~~~~~~~~~~~~~~~~~~~~~~~~~~~~~~~~~~~~~~~~~~~~~~~~~[m[K
[3.949s] compilation terminated.
[3.950s] gmake[2]: *** [CMakeFiles/agbot_full_msgs__rosidl_typesupport_fastrtps_cpp.dir/build.make:91: CMakeFiles/agbot_full_msgs__rosidl_typesupport_fastrtps_cpp.dir/rosidl_typesupport_fastrtps_cpp/agbot_full_msgs/action/detail/dds_fastrtps/agbot_full_arm_task__type_support.cpp.o] Error 1
[3.950s] gmake[1]: *** [CMakeFiles/Makefile2:291: CMakeFiles/agbot_full_msgs__rosidl_typesupport_fastrtps_cpp.dir/all] Error 2
[3.951s] gmake: *** [Makefile:146: all] Error 2
